2019-10-18 19:49:09 INFO  HomePage:29 - This page is shown
2019-10-18 19:49:25 INFO  HomePage:29 - This page is shown
2019-10-18 19:49:41 INFO  HomePage:29 - This page is shown
2019-10-18 20:11:43 INFO  HomePage:27 - Info log
2019-10-18 20:11:43 WARN  HomePage:28 - Warn log
2019-10-18 20:11:46 INFO  HomePage:35 - This page is shown
2019-10-18 20:16:18 INFO  HomePage:27 - Info log
2019-10-18 20:16:18 WARN  HomePage:28 - Warn log
2019-10-18 20:16:21 INFO  HomePage:35 - This page is shown
2019-10-18 20:18:36 INFO  HomePage:27 - Info log
2019-10-18 20:18:36 WARN  HomePage:28 - Warn log
2019-10-18 20:18:40 INFO  HomePage:35 - This page is shown
2019-10-18 20:18:40 INFO  HomePage:40 - Select languageru-RU
2019-10-18 20:19:37 INFO  HomePage:27 - Info log
2019-10-18 20:19:38 WARN  HomePage:28 - Warn log
2019-10-18 20:19:41 INFO  HomePage:35 - This page is shown
2019-10-18 20:19:41 INFO  HomePage:40 - Select language 'ru-RU'
2019-10-18 21:01:30 INFO  HomePage:27 - Info log
2019-10-18 21:01:30 WARN  HomePage:28 - Warn log
2019-10-18 21:01:33 INFO  HomePage:35 - This page is shown
2019-10-18 21:01:33 INFO  HomePage:40 - Select language 'ru-RU'
2019-10-18 21:12:07 INFO  HomePage:27 - Info log
2019-10-18 21:12:07 WARN  HomePage:28 - Warn log
2019-10-18 21:12:11 INFO  HomePage:35 - This page is shown
2019-10-18 21:12:11 INFO  HomePage:40 - Select language 'ru-RU'
2019-10-18 21:13:06 INFO  HomePage:27 - Info log
2019-10-18 21:13:06 WARN  HomePage:28 - Warn log
2019-10-18 21:13:10 INFO  HomePage:35 - This page is shown
2019-10-18 21:13:10 INFO  HomePage:40 - Select language 'ru-RU'
2019-10-18 21:13:23 INFO  HomePage:27 - Info log
2019-10-18 21:13:23 WARN  HomePage:28 - Warn log
2019-10-18 21:13:26 INFO  HomePage:35 - This page is shown
2019-10-18 21:13:26 INFO  HomePage:40 - Select language 'en-GB'
2019-10-18 21:13:38 INFO  HomePage:27 - Info log
2019-10-18 21:13:38 WARN  HomePage:28 - Warn log
2019-10-18 21:13:41 INFO  HomePage:35 - This page is shown
2019-10-18 21:13:41 INFO  HomePage:40 - Select language 'uk'
2019-10-18 21:27:09 INFO  HomePage:27 - Info log
2019-10-18 21:27:09 WARN  HomePage:28 - Warn log
2019-10-18 21:27:12 INFO  HomePage:35 - This page is shown
2019-10-18 21:27:12 INFO  HomePage:40 - Select language 'ru-RU'
2019-10-18 21:47:45 INFO  HomePage:28 - Info log
2019-10-18 21:47:45 WARN  HomePage:29 - Warn log
2019-10-18 21:47:48 INFO  HomePage:37 - This page is shown
2019-10-18 21:47:48 INFO  HomePage:42 - Select language 'ru-RU'
2019-10-18 21:48:00 INFO  HomePage:28 - Info log
2019-10-18 21:48:00 WARN  HomePage:29 - Warn log
2019-10-18 21:48:03 INFO  HomePage:37 - This page is shown
2019-10-18 21:48:03 INFO  HomePage:42 - Select language 'en-GB'
2019-10-18 21:48:15 INFO  HomePage:28 - Info log
2019-10-18 21:48:15 WARN  HomePage:29 - Warn log
2019-10-18 21:48:18 INFO  HomePage:37 - This page is shown
2019-10-18 21:48:18 INFO  HomePage:42 - Select language 'uk'
2019-10-20 13:24:31 INFO  HomePage:24 - Info log
2019-10-20 13:24:31 WARN  HomePage:25 - Warn log
2019-10-20 13:24:36 INFO  HomePage:31 - This page is shown
2019-10-20 13:24:47 INFO  HomePage:24 - Info log
2019-10-20 13:24:47 WARN  HomePage:25 - Warn log
2019-10-20 13:24:52 INFO  HomePage:31 - This page is shown
2019-10-20 13:25:02 INFO  HomePage:24 - Info log
2019-10-20 13:25:02 WARN  HomePage:25 - Warn log
2019-10-20 13:25:06 INFO  HomePage:31 - This page is shown
2019-10-21 13:26:09 INFO  HomePage:24 - Info log
2019-10-21 13:26:09 WARN  HomePage:25 - Warn log
2019-10-21 13:26:13 INFO  HomePage:31 - This page is shown
2019-10-21 13:27:36 INFO  HomePage:24 - Info log
2019-10-21 13:27:36 WARN  HomePage:25 - Warn log
2019-10-21 13:27:39 INFO  HomePage:31 - This page is shown
2019-10-21 13:27:39 INFO  HomePage:36 - Select language 'ru-RU'
2019-10-21 13:27:51 INFO  HomePage:24 - Info log
2019-10-21 13:27:51 WARN  HomePage:25 - Warn log
2019-10-21 13:27:54 INFO  HomePage:31 - This page is shown
2019-10-21 13:27:54 INFO  HomePage:36 - Select language 'en-GB'
2019-10-21 13:28:06 INFO  HomePage:24 - Info log
2019-10-21 13:28:06 WARN  HomePage:25 - Warn log
2019-10-21 13:28:09 INFO  HomePage:31 - This page is shown
2019-10-21 13:28:09 INFO  HomePage:36 - Select language 'uk'
2019-10-21 13:30:51 INFO  HomePage:24 - Info log
2019-10-21 13:30:51 WARN  HomePage:25 - Warn log
2019-10-21 13:30:55 INFO  HomePage:31 - This page is shown
2019-10-21 13:48:29 INFO  HomePage:24 - Info log
2019-10-21 13:48:29 WARN  HomePage:25 - Warn log
2019-10-21 13:48:33 INFO  HomePage:31 - This page is shown
2019-10-21 13:52:16 INFO  HomePage:24 - Info log
2019-10-21 13:52:16 WARN  HomePage:25 - Warn log
2019-10-21 13:52:19 INFO  HomePage:31 - This page is shown
2019-10-21 13:55:03 INFO  HomePage:24 - Info log
2019-10-21 13:55:03 WARN  HomePage:25 - Warn log
2019-10-21 13:55:07 INFO  HomePage:31 - This page is shown
2019-10-21 13:56:37 INFO  HomePage:24 - Info log
2019-10-21 13:56:37 WARN  HomePage:25 - Warn log
2019-10-21 13:56:40 INFO  HomePage:31 - This page is shown
2019-10-21 14:39:18 INFO  HomePage:24 - Info log
2019-10-21 14:39:18 WARN  HomePage:25 - Warn log
2019-10-21 14:39:22 INFO  HomePage:31 - This page is shown
2019-10-21 14:39:51 INFO  HomePage:24 - Info log
2019-10-21 14:39:51 WARN  HomePage:25 - Warn log
2019-10-21 14:39:55 INFO  HomePage:31 - This page is shown
2019-10-21 14:54:32 INFO  HomePage:24 - Info log
2019-10-21 14:54:32 WARN  HomePage:25 - Warn log
2019-10-21 14:54:36 INFO  HomePage:31 - This page is shown
2019-10-21 14:57:43 INFO  HomePage:24 - Info log
2019-10-21 14:57:43 WARN  HomePage:25 - Warn log
2019-10-21 14:57:46 INFO  HomePage:31 - This page is shown
2019-10-21 14:58:17 INFO  HomePage:24 - Info log
2019-10-21 14:58:17 WARN  HomePage:25 - Warn log
2019-10-21 14:58:20 INFO  HomePage:31 - This page is shown
2019-10-21 15:24:31 INFO  HomePage:24 - Info log
2019-10-21 15:24:31 WARN  HomePage:25 - Warn log
2019-10-21 15:24:35 INFO  HomePage:31 - This page is shown
2019-10-21 16:01:59 INFO  HomePage:24 - Info log
2019-10-21 16:01:59 WARN  HomePage:25 - Warn log
2019-10-21 16:02:04 INFO  HomePage:31 - This page is shown
2019-10-21 16:12:28 INFO  HomePage:24 - Info log
2019-10-21 16:12:28 WARN  HomePage:25 - Warn log
2019-10-21 16:12:32 INFO  HomePage:31 - This page is shown
2019-10-21 16:28:06 INFO  HomePage:24 - Info log
2019-10-21 16:28:06 WARN  HomePage:25 - Warn log
2019-10-21 16:28:12 INFO  HomePage:31 - This page is shown
2019-10-21 16:39:28 INFO  HomePage:24 - Info log
2019-10-21 16:39:28 WARN  HomePage:25 - Warn log
2019-10-21 16:39:33 INFO  HomePage:31 - This page is shown
2019-10-21 16:40:16 INFO  HomePage:24 - Info log
2019-10-21 16:40:16 WARN  HomePage:25 - Warn log
2019-10-21 16:40:19 INFO  HomePage:31 - This page is shown
2019-10-21 18:28:42 INFO  HomePage:24 - Info log
2019-10-21 18:28:42 WARN  HomePage:25 - Warn log
2019-10-21 18:28:45 INFO  HomePage:31 - This page is shown
2019-10-21 18:38:06 INFO  HomePage:24 - Info log
2019-10-21 18:38:06 WARN  HomePage:25 - Warn log
2019-10-21 18:38:10 INFO  HomePage:31 - This page is shown
2019-10-21 18:38:10 INFO  HomePage:68 - Click on Evening Courses button
2019-10-21 18:38:11 INFO  HomePage:73 - Click on Courses button in dropdown
2019-10-21 18:42:55 INFO  HomePage:31 - This page is shown
2019-10-21 18:42:55 INFO  HomePage:68 - Click on Evening Courses button
2019-10-21 18:42:57 INFO  HomePage:73 - Click on Courses button in dropdown
2019-10-22 10:48:10 INFO  HomePage:31 - This page is shown
2019-10-22 10:48:10 INFO  HomePage:68 - Click on Evening Courses button
2019-10-22 10:48:12 INFO  HomePage:73 - Click on Courses button in dropdown
2019-10-22 10:48:26 INFO  HomePage:31 - This page is shown
2019-10-22 10:48:26 INFO  HomePage:68 - Click on Evening Courses button
2019-10-22 10:48:27 INFO  HomePage:73 - Click on Courses button in dropdown
2019-10-22 10:48:41 INFO  HomePage:31 - This page is shown
2019-10-22 10:48:41 INFO  HomePage:68 - Click on Evening Courses button
2019-10-22 10:48:43 INFO  HomePage:73 - Click on Courses button in dropdown
2019-10-22 10:51:32 INFO  HomePage:31 - This page is shown
2019-10-22 10:51:32 INFO  HomePage:68 - Click on Evening Courses button
2019-10-22 10:51:34 INFO  HomePage:73 - Click on Courses button in dropdown
2019-10-22 10:51:48 INFO  HomePage:31 - This page is shown
2019-10-22 10:51:48 INFO  HomePage:68 - Click on Evening Courses button
2019-10-22 10:51:49 INFO  HomePage:73 - Click on Courses button in dropdown
2019-10-22 10:52:03 INFO  HomePage:31 - This page is shown
2019-10-22 10:52:03 INFO  HomePage:68 - Click on Evening Courses button
2019-10-22 10:52:05 INFO  HomePage:73 - Click on Courses button in dropdown
2019-10-22 11:14:13 INFO  HomePage:31 - This page is shown
2019-10-22 11:14:13 INFO  HomePage:68 - Click on Evening Courses button
2019-10-22 11:14:15 INFO  HomePage:73 - Click on Courses button in dropdown
2019-10-22 11:14:29 INFO  HomePage:31 - This page is shown
2019-10-22 11:14:29 INFO  HomePage:68 - Click on Evening Courses button
2019-10-22 11:14:30 INFO  HomePage:73 - Click on Courses button in dropdown
2019-10-22 11:16:36 INFO  HomePage:31 - This page is shown
2019-10-22 11:16:36 INFO  HomePage:68 - Click on Evening Courses button
2019-10-22 11:16:37 INFO  HomePage:73 - Click on Courses button in dropdown
2019-10-22 11:16:51 INFO  HomePage:31 - This page is shown
2019-10-22 11:16:51 INFO  HomePage:68 - Click on Evening Courses button
2019-10-22 11:16:53 INFO  HomePage:73 - Click on Courses button in dropdown
2019-10-22 11:19:41 INFO  HomePage:31 - This page is shown
2019-10-22 11:19:41 INFO  HomePage:69 - Click on Evening Courses button
2019-10-22 11:19:42 INFO  HomePage:74 - Click on Courses button in dropdown
2019-10-22 11:20:07 INFO  HomePage:31 - This page is shown
2019-10-22 11:20:07 INFO  HomePage:69 - Click on Evening Courses button
2019-10-22 11:20:09 INFO  HomePage:74 - Click on Courses button in dropdown
2019-10-22 11:25:29 INFO  HomePage:31 - This page is shown
2019-10-22 11:25:29 INFO  HomePage:69 - Click on Evening Courses button
2019-10-22 11:25:31 INFO  HomePage:74 - Click on Courses button in dropdown
2019-10-22 11:25:48 INFO  HomePage:31 - This page is shown
2019-10-22 11:25:48 INFO  HomePage:69 - Click on Evening Courses button
2019-10-22 11:25:49 INFO  HomePage:74 - Click on Courses button in dropdown
2019-10-22 11:26:07 INFO  HomePage:31 - This page is shown
2019-10-22 11:26:07 INFO  HomePage:69 - Click on Evening Courses button
2019-10-22 11:26:08 INFO  HomePage:74 - Click on Courses button in dropdown
2019-10-22 11:31:40 INFO  HomePage:31 - This page is shown
2019-10-22 11:31:40 INFO  HomePage:69 - Click on Evening Courses button
2019-10-22 11:31:42 INFO  HomePage:74 - Click on Courses button in dropdown
2019-10-22 11:32:01 INFO  HomePage:31 - This page is shown
2019-10-22 11:32:01 INFO  HomePage:69 - Click on Evening Courses button
2019-10-22 11:32:03 INFO  HomePage:74 - Click on Courses button in dropdown
2019-10-22 11:32:20 INFO  HomePage:31 - This page is shown
2019-10-22 11:32:20 INFO  HomePage:69 - Click on Evening Courses button
2019-10-22 11:32:22 INFO  HomePage:74 - Click on Courses button in dropdown
2019-10-22 11:32:39 INFO  HomePage:31 - This page is shown
2019-10-22 11:32:39 INFO  HomePage:69 - Click on Evening Courses button
2019-10-22 11:32:41 INFO  HomePage:74 - Click on Courses button in dropdown
2019-10-22 11:32:58 INFO  HomePage:31 - This page is shown
2019-10-22 11:32:58 INFO  HomePage:69 - Click on Evening Courses button
2019-10-22 11:32:59 INFO  HomePage:74 - Click on Courses button in dropdown
2019-10-22 11:33:16 INFO  HomePage:31 - This page is shown
2019-10-22 11:33:17 INFO  HomePage:69 - Click on Evening Courses button
2019-10-22 11:33:18 INFO  HomePage:74 - Click on Courses button in dropdown
2019-10-22 11:33:35 INFO  HomePage:31 - This page is shown
2019-10-22 11:33:36 INFO  HomePage:69 - Click on Evening Courses button
2019-10-22 11:33:37 INFO  HomePage:74 - Click on Courses button in dropdown
2019-10-22 11:33:55 INFO  HomePage:31 - This page is shown
2019-10-22 11:33:55 INFO  HomePage:69 - Click on Evening Courses button
2019-10-22 11:33:57 INFO  HomePage:74 - Click on Courses button in dropdown
2019-10-22 11:34:13 INFO  HomePage:31 - This page is shown
2019-10-22 11:34:14 INFO  HomePage:69 - Click on Evening Courses button
2019-10-22 11:34:15 INFO  HomePage:74 - Click on Courses button in dropdown
2019-10-22 11:34:32 INFO  HomePage:31 - This page is shown
2019-10-22 11:34:32 INFO  HomePage:69 - Click on Evening Courses button
2019-10-22 11:34:34 INFO  HomePage:74 - Click on Courses button in dropdown
2019-10-22 11:34:51 INFO  HomePage:31 - This page is shown
2019-10-22 11:34:51 INFO  HomePage:69 - Click on Evening Courses button
2019-10-22 11:34:52 INFO  HomePage:74 - Click on Courses button in dropdown
2019-10-22 11:35:09 INFO  HomePage:31 - This page is shown
2019-10-22 11:35:09 INFO  HomePage:69 - Click on Evening Courses button
2019-10-22 11:35:13 INFO  HomePage:74 - Click on Courses button in dropdown
2019-10-22 11:35:30 INFO  HomePage:31 - This page is shown
2019-10-22 11:35:30 INFO  HomePage:69 - Click on Evening Courses button
2019-10-22 11:35:31 INFO  HomePage:74 - Click on Courses button in dropdown
2019-10-22 11:35:59 INFO  HomePage:31 - This page is shown
2019-10-22 11:35:59 INFO  HomePage:69 - Click on Evening Courses button
2019-10-22 11:36:01 INFO  HomePage:74 - Click on Courses button in dropdown
2019-10-22 11:36:18 INFO  HomePage:31 - This page is shown
2019-10-22 11:36:18 INFO  HomePage:69 - Click on Evening Courses button
2019-10-22 11:36:20 INFO  HomePage:74 - Click on Courses button in dropdown
2019-10-22 11:36:37 INFO  HomePage:31 - This page is shown
2019-10-22 11:36:37 INFO  HomePage:69 - Click on Evening Courses button
2019-10-22 11:36:38 INFO  HomePage:74 - Click on Courses button in dropdown
2019-10-22 11:36:56 INFO  HomePage:31 - This page is shown
2019-10-22 11:36:56 INFO  HomePage:69 - Click on Evening Courses button
2019-10-22 11:36:58 INFO  HomePage:74 - Click on Courses button in dropdown
2019-10-22 11:37:15 INFO  HomePage:31 - This page is shown
2019-10-22 11:37:15 INFO  HomePage:69 - Click on Evening Courses button
2019-10-22 11:37:17 INFO  HomePage:74 - Click on Courses button in dropdown
2019-10-22 11:37:34 INFO  HomePage:31 - This page is shown
2019-10-22 11:37:34 INFO  HomePage:69 - Click on Evening Courses button
2019-10-22 11:37:35 INFO  HomePage:74 - Click on Courses button in dropdown
2019-10-22 11:37:52 INFO  HomePage:31 - This page is shown
2019-10-22 11:37:52 INFO  HomePage:69 - Click on Evening Courses button
2019-10-22 11:37:54 INFO  HomePage:74 - Click on Courses button in dropdown
2019-10-22 11:38:11 INFO  HomePage:31 - This page is shown
2019-10-22 11:38:11 INFO  HomePage:69 - Click on Evening Courses button
2019-10-22 11:38:13 INFO  HomePage:74 - Click on Courses button in dropdown
2019-10-22 11:38:30 INFO  HomePage:31 - This page is shown
2019-10-22 11:38:30 INFO  HomePage:69 - Click on Evening Courses button
2019-10-22 11:38:31 INFO  HomePage:74 - Click on Courses button in dropdown
2019-10-22 11:38:48 INFO  HomePage:31 - This page is shown
2019-10-22 11:38:49 INFO  HomePage:69 - Click on Evening Courses button
2019-10-22 11:38:50 INFO  HomePage:74 - Click on Courses button in dropdown
2019-10-22 14:26:27 INFO  HomePage:31 - Home page is shown
2019-10-22 14:26:40 INFO  HomePage:31 - Home page is shown
2019-10-22 14:26:41 INFO  HomePage:69 - Click on Evening Courses button
2019-10-22 14:26:42 INFO  HomePage:74 - Click on Courses button in dropdown
2019-10-22 14:26:43 INFO  HomePage:76 - Evening Course page is shown
2019-10-22 14:26:46 INFO  CoursePage:33 - Checked location 'Берестейская'
2019-10-22 14:26:46 INFO  CoursePage:33 - Checked location 'Берестейская'
2019-10-22 14:26:46 INFO  CoursePage:33 - Checked location 'Позняки'
2019-10-22 14:26:46 INFO  CoursePage:33 - Checked location 'ВДНХ'
2019-10-22 14:29:45 INFO  HomePage:31 - Home page is shown
2019-10-22 14:29:45 INFO  HomePage:69 - Click on Evening Courses button
2019-10-22 14:29:46 INFO  HomePage:74 - Click on Courses button in dropdown
2019-10-22 14:29:47 INFO  HomePage:76 - Evening Course page is shown
2019-10-22 14:35:48 INFO  HomePage:31 - Home page is shown
2019-10-22 14:35:48 INFO  HomePage:69 - Click on Evening Courses button
2019-10-22 14:35:50 INFO  HomePage:74 - Click on Courses button in dropdown
2019-10-22 14:35:50 INFO  HomePage:76 - Evening Course page is shown
2019-10-22 14:35:50 INFO  HomePage:77 - All evening courses is shown
2019-10-22 15:47:09 INFO  HomePage:31 - Home page is shown
2019-10-22 15:47:22 INFO  HomePage:31 - Home page is shown
2019-10-22 15:47:22 INFO  HomePage:69 - Click on Evening Courses button
2019-10-22 15:47:24 INFO  HomePage:74 - Click on Courses button in dropdown
2019-10-22 15:47:24 INFO  HomePage:76 - Evening Course page is shown
2019-10-22 15:47:24 INFO  HomePage:77 - All evening courses is shown
2019-10-22 15:47:27 INFO  CoursePage:33 - Checked location 'Берестейская'
2019-10-22 15:47:27 INFO  CoursePage:33 - Checked location 'Позняки'
2019-10-22 15:47:27 INFO  CoursePage:33 - Checked location 'ВДНХ'
2019-10-22 16:12:28 INFO  HomePage:31 - Home page is shown
2019-10-22 16:12:28 INFO  HomePage:69 - Click on Evening Courses button
2019-10-22 16:12:29 INFO  HomePage:74 - Click on Courses button in dropdown
2019-10-22 16:12:30 INFO  HomePage:76 - Evening Course page is shown
2019-10-22 16:12:30 INFO  HomePage:77 - All evening courses is shown
2019-10-22 16:56:49 INFO  HomePage:34 - Home page is shown
2019-10-22 16:56:49 INFO  HomePage:72 - Click on Evening Courses button
2019-10-22 16:56:51 INFO  HomePage:77 - Click on Courses button in dropdown
2019-10-22 16:56:52 INFO  HomePage:79 - Evening Course page is shown
2019-10-22 16:56:52 INFO  HomePage:80 - All evening courses is shown
2019-10-22 17:05:53 INFO  HomePage:34 - Home page is shown
2019-10-22 17:05:53 INFO  HomePage:72 - Click on Evening Courses button
2019-10-22 17:05:55 INFO  HomePage:77 - Click on Courses button in dropdown
2019-10-22 17:05:55 INFO  HomePage:79 - Evening Course page is shown
2019-10-22 17:05:55 INFO  HomePage:80 - All evening courses is shown
2019-10-22 17:25:32 INFO  HomePage:34 - Home page is shown
2019-10-22 17:25:46 INFO  HomePage:34 - Home page is shown
2019-10-22 17:25:46 INFO  HomePage:72 - Click on Evening Courses button
2019-10-22 17:25:48 INFO  HomePage:77 - Click on Courses button in dropdown
2019-10-22 17:25:48 INFO  HomePage:79 - Evening Course page is shown
2019-10-22 17:25:48 INFO  HomePage:80 - All evening courses is shown
2019-10-22 17:25:52 INFO  CoursePage:33 - Checked location 'Берестейская'
2019-10-22 17:25:52 INFO  CoursePage:33 - Checked location 'Позняки'
2019-10-22 17:25:52 INFO  CoursePage:33 - Checked location 'ВДНХ'
2019-10-22 19:11:16 INFO  HomePage:34 - Home page is shown
2019-10-22 19:11:16 INFO  HomePage:72 - Click on Evening Courses button
2019-10-22 19:11:18 INFO  HomePage:77 - Click on Courses button in dropdown
2019-10-22 19:11:18 INFO  HomePage:79 - Evening Course page is shown
2019-10-22 19:11:18 INFO  HomePage:80 - All evening courses is shown
2019-10-22 19:15:09 INFO  HomePage:34 - Home page is shown
2019-10-22 19:15:09 INFO  HomePage:72 - Click on Evening Courses button
2019-10-22 19:15:11 INFO  HomePage:77 - Click on Courses button in dropdown
2019-10-22 19:15:11 INFO  HomePage:79 - Evening Course page is shown
2019-10-22 19:15:11 INFO  HomePage:80 - All evening courses is shown
2019-10-22 19:32:25 INFO  HomePage:34 - Home page is shown
2019-10-22 19:32:40 INFO  HomePage:34 - Home page is shown
2019-10-22 19:32:40 INFO  HomePage:72 - Click on Evening Courses button
2019-10-22 19:32:41 INFO  HomePage:77 - Click on Courses button in dropdown
2019-10-22 19:32:42 INFO  HomePage:79 - Evening Course page is shown
2019-10-22 19:32:42 INFO  HomePage:80 - All evening courses is shown
2019-10-22 19:32:45 INFO  CoursePage:33 - Checked location 'Берестейская'
2019-10-22 19:32:45 INFO  CoursePage:33 - Checked location 'Позняки'
2019-10-22 19:32:45 INFO  CoursePage:33 - Checked location 'ВДНХ'
